c:\users\gaetan\documents\projetperso\qt\crazylauncher\crazylauncher\x64\debug\vc143.pdb
c:\users\gaetan\documents\projetperso\qt\crazylauncher\crazylauncher\x64\debug\vc143.idb
c:\users\gaetan\documents\projetperso\qt\crazylauncher\crazylauncher\x64\debug\qrc_crazylauncher.obj
c:\users\gaetan\documents\projetperso\qt\crazylauncher\crazylauncher\x64\debug\main.obj
c:\users\gaetan\documents\projetperso\qt\crazylauncher\crazylauncher\x64\debug\editwindow.obj
c:\users\gaetan\documents\projetperso\qt\crazylauncher\crazylauncher\x64\debug\projectmanager.obj
c:\users\gaetan\documents\projetperso\qt\crazylauncher\crazylauncher\x64\debug\addwindow.obj
c:\users\gaetan\documents\projetperso\qt\crazylauncher\crazylauncher\x64\debug\projectview.obj
c:\users\gaetan\documents\projetperso\qt\crazylauncher\crazylauncher\x64\debug\settingsview.obj
c:\users\gaetan\documents\projetperso\qt\crazylauncher\crazylauncher\x64\debug\crazylauncher.obj
c:\users\gaetan\documents\projetperso\qt\crazylauncher\crazylauncher\x64\debug\utilitywindow.obj
c:\users\gaetan\documents\projetperso\qt\crazylauncher\crazylauncher\x64\debug\descriptionview.obj
c:\users\gaetan\documents\projetperso\qt\crazylauncher\crazylauncher\x64\debug\projectwidgetitem.obj
c:\users\gaetan\documents\projetperso\qt\crazylauncher\crazylauncher\x64\debug\moc_addwindow.obj
c:\users\gaetan\documents\projetperso\qt\crazylauncher\crazylauncher\x64\debug\moc_projectview.obj
c:\users\gaetan\documents\projetperso\qt\crazylauncher\crazylauncher\x64\debug\moc_crazylauncher.obj
c:\users\gaetan\documents\projetperso\qt\crazylauncher\crazylauncher\x64\debug\moc_utilitywindow.obj
c:\users\gaetan\documents\projetperso\qt\crazylauncher\crazylauncher\x64\debug\moc_descriptionview.obj
c:\users\gaetan\documents\projetperso\qt\crazylauncher\crazylauncher\x64\debug\moc_editwindow.obj
c:\users\gaetan\documents\projetperso\qt\crazylauncher\crazylauncher\x64\debug\moc_settingsview.obj
c:\users\gaetan\documents\projetperso\qt\crazylauncher\crazylauncher\x64\debug\moc_projectwidgetitem.obj
c:\users\gaetan\documents\projetperso\qt\crazylauncher\crazylauncher\x64\debug\moc_projectmanager.obj
c:\users\gaetan\documents\projetperso\qt\crazylauncher\crazylauncher\x64\debug\qt\uic\ui_crazylauncher.h
c:\users\gaetan\documents\projetperso\qt\crazylauncher\crazylauncher\x64\debug\qt\rcc\qrc_crazylauncher.cpp
c:\users\gaetan\documents\projetperso\qt\crazylauncher\crazylauncher\x64\debug\qt\moc\moc_crazylauncher.cpp
c:\users\gaetan\documents\projetperso\qt\crazylauncher\crazylauncher\x64\debug\qt\moc\moc_projectview.cpp
c:\users\gaetan\documents\projetperso\qt\crazylauncher\crazylauncher\x64\debug\qt\moc\moc_descriptionview.cpp
c:\users\gaetan\documents\projetperso\qt\crazylauncher\crazylauncher\x64\debug\qt\moc\moc_settingsview.cpp
c:\users\gaetan\documents\projetperso\qt\crazylauncher\crazylauncher\x64\debug\qt\moc\moc_projectwidgetitem.cpp
c:\users\gaetan\documents\projetperso\qt\crazylauncher\crazylauncher\x64\debug\qt\moc\moc_utilitywindow.cpp
c:\users\gaetan\documents\projetperso\qt\crazylauncher\crazylauncher\x64\debug\qt\moc\moc_editwindow.cpp
c:\users\gaetan\documents\projetperso\qt\crazylauncher\crazylauncher\x64\debug\qt\moc\moc_projectmanager.cpp
c:\users\gaetan\documents\projetperso\qt\crazylauncher\crazylauncher\x64\debug\qt\moc\moc_addwindow.cpp
c:\users\gaetan\documents\projetperso\qt\crazylauncher\x64\debug\crazylauncher.exe
c:\users\gaetan\documents\projetperso\qt\crazylauncher\x64\debug\crazylauncher.pdb
c:\users\gaetan\documents\projetperso\qt\crazylauncher\crazylauncher\x64\debug\crazylauncher.ilk
c:\users\gaetan\documents\projetperso\qt\crazylauncher\crazylauncher\x64\debug\crazylauncher.tlog\cl.command.1.tlog
c:\users\gaetan\documents\projetperso\qt\crazylauncher\crazylauncher\x64\debug\crazylauncher.tlog\cl.items.tlog
c:\users\gaetan\documents\projetperso\qt\crazylauncher\crazylauncher\x64\debug\crazylauncher.tlog\cl.read.1.tlog
c:\users\gaetan\documents\projetperso\qt\crazylauncher\crazylauncher\x64\debug\crazylauncher.tlog\cl.write.1.tlog
c:\users\gaetan\documents\projetperso\qt\crazylauncher\crazylauncher\x64\debug\crazylauncher.tlog\crazylauncher.write.1u.tlog
c:\users\gaetan\documents\projetperso\qt\crazylauncher\crazylauncher\x64\debug\crazylauncher.tlog\link.command.1.tlog
c:\users\gaetan\documents\projetperso\qt\crazylauncher\crazylauncher\x64\debug\crazylauncher.tlog\link.read.1.tlog
c:\users\gaetan\documents\projetperso\qt\crazylauncher\crazylauncher\x64\debug\crazylauncher.tlog\link.secondary.1.tlog
c:\users\gaetan\documents\projetperso\qt\crazylauncher\crazylauncher\x64\debug\crazylauncher.tlog\link.write.1.tlog
c:\users\gaetan\documents\projetperso\qt\crazylauncher\crazylauncher\x64\debug\crazylauncher.tlog\moc.read.1u.tlog
c:\users\gaetan\documents\projetperso\qt\crazylauncher\crazylauncher\x64\debug\crazylauncher.tlog\moc.write.1u.tlog
c:\users\gaetan\documents\projetperso\qt\crazylauncher\crazylauncher\x64\debug\crazylauncher.tlog\rcc.read.1u.tlog
c:\users\gaetan\documents\projetperso\qt\crazylauncher\crazylauncher\x64\debug\crazylauncher.tlog\rcc.write.1u.tlog
c:\users\gaetan\documents\projetperso\qt\crazylauncher\crazylauncher\x64\debug\crazylauncher.tlog\uic.read.1u.tlog
c:\users\gaetan\documents\projetperso\qt\crazylauncher\crazylauncher\x64\debug\crazylauncher.tlog\uic.write.1u.tlog
